# JRE version: OpenJDK Runtime Environment (15.0.2+7) (build 15.0.2+7-27)
# Java VM: OpenJDK 64-Bit Server VM (15.0.2+7-27, mixed mode, tiered, compressed oops, g1 gc, windows-amd64)
GC Precious Log:
 CPUs: 8 total, 8 available
 Memory: 7103M
 Large Page Support: Disabled
 NUMA Support: Disabled
 Compressed Oops: Enabled (32-bit)
 Heap Region Size: 1M
 Heap Min Capacity: 8M
 Heap Initial Capacity: 112M
 Heap Max Capacity: 1776M
 Pre-touch: Disabled
 Parallel Workers: 8
 Concurrent Workers: 2
 Concurrent Refinement Workers: 8
 Periodic GC: Disabled
Heap:
 garbage-first heap   total 61440K, used 39632K [0x0000000091000000, 0x0000000100000000)
  region size 1024K, 17 young (17408K), 3 survivors (3072K)
 Metaspace       used 65886K, capacity 66522K, committed 66896K, reserved 1107968K
  class space    used 8043K, capacity 8233K, committed 8352K, reserved 1048576K
GC Heap History (20 events):
Event: 2.683 GC heap before
{Heap before GC invocations=5 (full 0):
 garbage-first heap   total 41984K, used 27534K [0x0000000091000000, 0x0000000100000000)
  region size 1024K, 18 young (18432K), 1 survivors (1024K)
 Metaspace       used 32318K, capacity 32605K, committed 32764K, reserved 1079296K
  class space    used 3774K, capacity 3856K, committed 3916K, reserved 1048576K
}
Event: 2.688 GC heap after
{Heap after GC invocations=6 (full 0):
 garbage-first heap   total 41984K, used 12174K [0x0000000091000000, 0x0000000100000000)
  region size 1024K, 2 young (2048K), 2 survivors (2048K)
 Metaspace       used 32318K, capacity 32605K, committed 32764K, reserved 1079296K
  class space    used 3774K, capacity 3856K, committed 3916K, reserved 1048576K
}
Event: 3.158 GC heap before
{Heap before GC invocations=6 (full 0):
 garbage-first heap   total 41984K, used 27534K [0x0000000091000000, 0x0000000100000000)
  region size 1024K, 18 young (18432K), 2 survivors (2048K)
 Metaspace       used 35645K, capacity 35953K, committed 36048K, reserved 1081344K
  class space    used 4209K, capacity 4308K, committed 4384K, reserved 1048576K
}
Event: 3.166 GC heap after
{Heap after GC invocations=7 (full 0):
 garbage-first heap   total 51200K, used 13613K [0x0000000091000000, 0x0000000100000000)
  region size 1024K, 3 young (3072K), 3 survivors (3072K)
 Metaspace       used 35645K, capacity 35953K, committed 36048K, reserved 1081344K
  class space    used 4209K, capacity 4308K, committed 4384K, reserved 1048576K
}
Event: 3.793 GC heap before
{Heap before GC invocations=8 (full 0):
 garbage-first heap   total 51200K, used 36141K [0x0000000091000000, 0x0000000100000000)
  region size 1024K, 25 young (25600K), 3 survivors (3072K)
 Metaspace       used 40220K, capacity 40569K, committed 40784K, reserved 1085440K
  class space    used 4784K, capacity 4907K, committed 5024K, reserved 1048576K
}
Event: 3.801 GC heap after
{Heap after GC invocations=9 (full 0):
 garbage-first heap   total 51200K, used 15599K [0x0000000091000000, 0x0000000100000000)
  region size 1024K, 4 young (4096K), 4 survivors (4096K)
 Metaspace       used 40220K, capacity 40569K, committed 40784K, reserved 1085440K
  class space    used 4784K, capacity 4907K, committed 5024K, reserved 1048576K
}
Event: 4.443 GC heap before
{Heap before GC invocations=9 (full 0):
 garbage-first heap   total 51200K, used 36079K [0x0000000091000000, 0x0000000100000000)
  region size 1024K, 25 young (25600K), 4 survivors (4096K)
 Metaspace       used 45875K, capacity 46259K, committed 46416K, reserved 1089536K
  class space    used 5511K, capacity 5670K, committed 5792K, reserved 1048576K
}
Event: 4.452 GC heap after
{Heap after GC invocations=10 (full 0):
 garbage-first heap   total 51200K, used 17491K [0x0000000091000000, 0x0000000100000000)
  region size 1024K, 2 young (2048K), 2 survivors (2048K)
 Metaspace       used 45875K, capacity 46259K, committed 46416K, reserved 1089536K
  class space    used 5511K, capacity 5670K, committed 5792K, reserved 1048576K
}
Event: 4.761 GC heap before
{Heap before GC invocations=10 (full 0):
 garbage-first heap   total 51200K, used 36947K [0x0000000091000000, 0x0000000100000000)
  region size 1024K, 22 young (22528K), 2 survivors (2048K)
 Metaspace       used 50047K, capacity 50517K, committed 50768K, reserved 1093632K
  class space    used 6049K, capacity 6229K, committed 6304K, reserved 1048576K
}
Event: 4.766 GC heap after
{Heap after GC invocations=11 (full 0):
 garbage-first heap   total 51200K, used 20142K [0x0000000091000000, 0x0000000100000000)
  region size 1024K, 3 young (3072K), 3 survivors (3072K)
 Metaspace       used 50047K, capacity 50517K, committed 50768K, reserved 1093632K
  class space    used 6049K, capacity 6229K, committed 6304K, reserved 1048576K
}
Event: 4.910 GC heap before
{Heap before GC invocations=11 (full 0):
 garbage-first heap   total 51200K, used 37550K [0x0000000091000000, 0x0000000100000000)
  region size 1024K, 21 young (21504K), 3 survivors (3072K)
 Metaspace       used 51562K, capacity 52028K, committed 52176K, reserved 1095680K
  class space    used 6257K, capacity 6429K, committed 6432K, reserved 1048576K
}
Event: 4.914 GC heap after
{Heap after GC invocations=12 (full 0):
 garbage-first heap   total 51200K, used 21104K [0x0000000091000000, 0x0000000100000000)
  region size 1024K, 1 young (1024K), 1 survivors (1024K)
 Metaspace       used 51562K, capacity 52028K, committed 52176K, reserved 1095680K
  class space    used 6257K, capacity 6429K, committed 6432K, reserved 1048576K
}
Event: 5.206 GC heap before
{Heap before GC invocations=12 (full 0):
 garbage-first heap   total 51200K, used 40560K [0x0000000091000000, 0x0000000100000000)
  region size 1024K, 20 young (20480K), 1 survivors (1024K)
 Metaspace       used 53568K, capacity 53981K, committed 54224K, reserved 1097728K
  class space    used 6496K, capacity 6640K, committed 6688K, reserved 1048576K
}
Event: 5.210 GC heap after
{Heap after GC invocations=13 (full 0):
 garbage-first heap   total 51200K, used 22661K [0x0000000091000000, 0x0000000100000000)
  region size 1024K, 3 young (3072K), 3 survivors (3072K)
 Metaspace       used 53568K, capacity 53981K, committed 54224K, reserved 1097728K
  class space    used 6496K, capacity 6640K, committed 6688K, reserved 1048576K
}
Event: 5.541 GC heap before
{Heap before GC invocations=13 (full 0):
 garbage-first heap   total 51200K, used 39045K [0x0000000091000000, 0x0000000100000000)
  region size 1024K, 20 young (20480K), 3 survivors (3072K)
 Metaspace       used 55757K, capacity 56236K, committed 56400K, reserved 1099776K
  class space    used 6801K, capacity 6965K, committed 7072K, reserved 1048576K
}
Event: 5.545 GC heap after
{Heap after GC invocations=14 (full 0):
 garbage-first heap   total 51200K, used 23872K [0x0000000091000000, 0x0000000100000000)
  region size 1024K, 2 young (2048K), 2 survivors (2048K)
 Metaspace       used 55757K, capacity 56236K, committed 56400K, reserved 1099776K
  class space    used 6801K, capacity 6965K, committed 7072K, reserved 1048576K
}
Event: 97.006 GC heap before
{Heap before GC invocations=14 (full 0):
 garbage-first heap   total 51200K, used 40256K [0x0000000091000000, 0x0000000100000000)
  region size 1024K, 18 young (18432K), 2 survivors (2048K)
 Metaspace       used 57978K, capacity 58476K, committed 58704K, reserved 1101824K
  class space    used 7077K, capacity 7239K, committed 7328K, reserved 1048576K
}
Event: 97.010 GC heap after
{Heap after GC invocations=15 (full 0):
 garbage-first heap   total 61440K, used 25039K [0x0000000091000000, 0x0000000100000000)
  region size 1024K, 3 young (3072K), 3 survivors (3072K)
 Metaspace       used 57978K, capacity 58476K, committed 58704K, reserved 1101824K
  class space    used 7077K, capacity 7239K, committed 7328K, reserved 1048576K
}
Event: 114.499 GC heap before
{Heap before GC invocations=16 (full 0):
 garbage-first heap   total 61440K, used 46543K [0x0000000091000000, 0x0000000100000000)
  region size 1024K, 25 young (25600K), 3 survivors (3072K)
 Metaspace       used 62568K, capacity 63154K, committed 63312K, reserved 1105920K
  class space    used 7641K, capacity 7818K, committed 7840K, reserved 1048576K
}
Event: 114.503 GC heap after
{Heap after GC invocations=17 (full 0):
 garbage-first heap   total 61440K, used 26320K [0x0000000091000000, 0x0000000100000000)
  region size 1024K, 3 young (3072K), 3 survivors (3072K)
 Metaspace       used 62568K, capacity 63154K, committed 63312K, reserved 1105920K
  class space    used 7641K, capacity 7818K, committed 7840K, reserved 1048576K
}

